TN:
SF:src/ejer3/FunkoApp.ts
FN:18,(anonymous_6)
FN:27,(anonymous_7)
FN:37,(anonymous_8)
FN:50,(anonymous_9)
FN:51,(anonymous_10)
FN:67,(anonymous_11)
FN:86,(anonymous_12)
FN:134,(anonymous_13)
FN:172,(anonymous_14)
FN:185,(anonymous_15)
FN:187,(anonymous_16)
FN:198,(anonymous_17)
FNF:12
FNH:12
FNDA:13,(anonymous_6)
FNDA:13,(anonymous_7)
FNDA:23,(anonymous_8)
FNDA:3,(anonymous_9)
FNDA:1,(anonymous_10)
FNDA:1,(anonymous_11)
FNDA:6,(anonymous_12)
FNDA:2,(anonymous_13)
FNDA:2,(anonymous_14)
FNDA:1,(anonymous_15)
FNDA:1,(anonymous_16)
FNDA:5,(anonymous_17)
DA:1,1
DA:2,1
DA:5,1
DA:10,1
DA:12,13
DA:19,13
DA:28,13
DA:29,13
DA:30,1
DA:32,13
DA:34,13
DA:35,1
DA:37,12
DA:38,23
DA:39,23
DA:40,23
DA:43,12
DA:51,3
DA:52,1
DA:53,0
DA:59,3
DA:68,1
DA:99,6
DA:100,5
DA:112,5
DA:113,5
DA:114,5
DA:116,1
DA:146,2
DA:147,1
DA:159,1
DA:160,1
DA:161,1
DA:163,1
DA:173,2
DA:174,1
DA:175,1
DA:176,1
DA:178,1
DA:186,1
DA:187,1
DA:188,1
DA:190,1
DA:199,5
DA:200,4
DA:201,4
DA:202,4
DA:205,1
LF:48
LH:47
BRDA:29,0,0,1
BRDA:29,0,1,12
BRDA:34,1,0,1
BRDA:34,1,1,12
BRDA:52,2,0,0
BRDA:52,2,1,1
BRDA:99,3,0,5
BRDA:99,3,1,1
BRDA:146,4,0,1
BRDA:146,4,1,1
BRDA:173,5,0,1
BRDA:173,5,1,1
BRDA:199,6,0,4
BRDA:199,6,1,1
BRDA:201,7,0,4
BRDA:201,7,1,0
BRF:16
BRH:14
end_of_record
TN:
SF:src/ejer3/datatype/Funko.ts
FN:31,(anonymous_0)
FNF:1
FNH:1
FNDA:7,(anonymous_0)
DA:6,1
DA:43,7
DA:44,7
DA:45,7
DA:46,7
DA:47,7
DA:48,7
DA:49,7
DA:50,7
DA:51,7
DA:52,7
LF:11
LH:11
BRF:0
BRH:0
end_of_record
TN:
SF:src/ejer3/datatype/Tipos.ts
FN:1,(anonymous_0)
FN:14,asignarTipo
FN:39,(anonymous_2)
FN:50,asignarGenero
FNF:4
FNH:4
FNDA:1,(anonymous_0)
FNDA:10,asignarTipo
FNDA:1,(anonymous_2)
FNDA:8,asignarGenero
DA:1,1
DA:2,1
DA:3,1
DA:4,1
DA:5,1
DA:6,1
DA:7,1
DA:8,1
DA:9,1
DA:10,1
DA:11,1
DA:14,1
DA:15,10
DA:17,1
DA:19,1
DA:21,1
DA:23,1
DA:25,1
DA:27,1
DA:29,1
DA:31,1
DA:33,1
DA:35,1
DA:39,1
DA:40,1
DA:41,1
DA:42,1
DA:43,1
DA:44,1
DA:45,1
DA:46,1
DA:47,1
DA:50,1
DA:51,8
DA:53,1
DA:55,1
DA:57,1
DA:59,1
DA:61,1
DA:63,1
DA:65,1
DA:67,1
LF:42
LH:42
BRDA:1,0,0,1
BRDA:1,0,1,1
BRDA:15,1,0,1
BRDA:15,1,1,1
BRDA:15,1,2,1
BRDA:15,1,3,1
BRDA:15,1,4,1
BRDA:15,1,5,1
BRDA:15,1,6,1
BRDA:15,1,7,1
BRDA:15,1,8,1
BRDA:15,1,9,1
BRDA:39,2,0,1
BRDA:39,2,1,1
BRDA:51,3,0,1
BRDA:51,3,1,1
BRDA:51,3,2,1
BRDA:51,3,3,1
BRDA:51,3,4,1
BRDA:51,3,5,1
BRDA:51,3,6,1
BRDA:51,3,7,1
BRF:22
BRH:22
end_of_record
