TN:
SF:src/ejer3/FunkoApp.js
FN:10,(anonymous_0)
FN:15,App
FN:24,(anonymous_2)
FN:35,(anonymous_3)
FN:47,(anonymous_4)
FN:49,(anonymous_5)
FN:61,(anonymous_6)
FN:79,(anonymous_7)
FN:104,(anonymous_8)
FN:120,(anonymous_9)
FN:132,(anonymous_10)
FN:134,(anonymous_11)
FN:144,(anonymous_12)
FNF:13
FNH:13
FNDA:1,(anonymous_0)
FNDA:13,App
FNDA:13,(anonymous_2)
FNDA:23,(anonymous_3)
FNDA:3,(anonymous_4)
FNDA:1,(anonymous_5)
FNDA:1,(anonymous_6)
FNDA:6,(anonymous_7)
FNDA:2,(anonymous_8)
FNDA:2,(anonymous_9)
FNDA:1,(anonymous_10)
FNDA:1,(anonymous_11)
FNDA:5,(anonymous_12)
DA:2,1
DA:3,1
DA:4,1
DA:5,1
DA:6,1
DA:10,1
DA:16,13
DA:17,13
DA:24,1
DA:25,13
DA:26,13
DA:27,13
DA:28,1
DA:30,13
DA:31,13
DA:32,1
DA:35,12
DA:36,23
DA:37,23
DA:38,23
DA:41,12
DA:47,1
DA:48,3
DA:49,3
DA:50,1
DA:51,0
DA:54,3
DA:61,1
DA:62,1
DA:79,1
DA:80,6
DA:81,5
DA:82,5
DA:83,5
DA:84,5
DA:87,1
DA:104,1
DA:105,2
DA:106,1
DA:107,1
DA:108,1
DA:109,1
DA:112,1
DA:120,1
DA:121,2
DA:122,1
DA:123,1
DA:124,1
DA:126,1
DA:132,1
DA:133,1
DA:134,1
DA:135,1
DA:137,1
DA:144,1
DA:145,5
DA:146,4
DA:147,4
DA:148,4
DA:151,1
DA:153,1
DA:155,1
LF:62
LH:61
BRDA:27,0,0,1
BRDA:27,0,1,12
BRDA:31,1,0,1
BRDA:31,1,1,12
BRDA:50,2,0,0
BRDA:50,2,1,1
BRDA:80,3,0,5
BRDA:80,3,1,1
BRDA:105,4,0,1
BRDA:105,4,1,1
BRDA:121,5,0,1
BRDA:121,5,1,1
BRDA:145,6,0,4
BRDA:145,6,1,1
BRDA:147,7,0,4
BRDA:147,7,1,0
BRF:16
BRH:14
end_of_record
TN:
SF:src/ejer3/datatype/Funko.js
FN:7,(anonymous_0)
FN:21,Funko
FNF:2
FNH:2
FNDA:1,(anonymous_0)
FNDA:7,Funko
DA:2,1
DA:3,1
DA:7,1
DA:22,7
DA:23,7
DA:24,7
DA:25,7
DA:26,7
DA:27,7
DA:28,7
DA:29,7
DA:30,7
DA:31,7
DA:33,1
DA:35,1
LF:15
LH:15
BRF:0
BRH:0
end_of_record
TN:
SF:src/ejer3/datatype/Tipos.js
FN:5,(anonymous_0)
FN:17,asignarTipo
FN:43,(anonymous_2)
FN:53,asignarGenero
FNF:4
FNH:4
FNDA:1,(anonymous_0)
FNDA:10,asignarTipo
FNDA:1,(anonymous_2)
FNDA:8,asignarGenero
DA:2,1
DA:3,1
DA:5,1
DA:6,1
DA:7,1
DA:8,1
DA:9,1
DA:10,1
DA:11,1
DA:12,1
DA:13,1
DA:14,1
DA:15,1
DA:18,10
DA:20,1
DA:22,1
DA:24,1
DA:26,1
DA:28,1
DA:30,1
DA:32,1
DA:34,1
DA:36,1
DA:38,1
DA:41,1
DA:43,1
DA:44,1
DA:45,1
DA:46,1
DA:47,1
DA:48,1
DA:49,1
DA:50,1
DA:51,1
DA:54,8
DA:56,1
DA:58,1
DA:60,1
DA:62,1
DA:64,1
DA:66,1
DA:68,1
DA:70,1
DA:73,1
LF:44
LH:44
BRDA:16,0,0,1
BRDA:16,0,1,1
BRDA:18,1,0,1
BRDA:18,1,1,1
BRDA:18,1,2,1
BRDA:18,1,3,1
BRDA:18,1,4,1
BRDA:18,1,5,1
BRDA:18,1,6,1
BRDA:18,1,7,1
BRDA:18,1,8,1
BRDA:18,1,9,1
BRDA:52,2,0,1
BRDA:52,2,1,1
BRDA:54,3,0,1
BRDA:54,3,1,1
BRDA:54,3,2,1
BRDA:54,3,3,1
BRDA:54,3,4,1
BRDA:54,3,5,1
BRDA:54,3,6,1
BRDA:54,3,7,1
BRF:22
BRH:22
end_of_record
